[2024-06-10T18:56:11.054+0000] {manager.py:470} INFO - Processing files using up to 2 processes at a time 
[2024-06-10T18:56:11.054+0000] {manager.py:471} INFO - Process each file at most once every 30 seconds
[2024-06-10T18:56:11.055+0000] {manager.py:472} INFO - Checking for new files in /opt/airflow/dags every 300 seconds
[2024-06-10T18:56:11.055+0000] {manager.py:737} INFO - Searching for files in /opt/airflow/dags
[2024-06-10T18:56:11.057+0000] {manager.py:740} INFO - There are 2 files in /opt/airflow/dags
[2024-06-10T18:56:11.154+0000] {manager.py:878} INFO - 
================================================================================
DAG File Processing Stats

File Path                              PID  Runtime      # DAGs    # Errors  Last Runtime    Last Run
-----------------------------------  -----  ---------  --------  ----------  --------------  ----------
/opt/airflow/dags/test_task.py         166  0.05s             0           0
/opt/airflow/dags/producer_users.py    169  0.04s             0           0
================================================================================
[2024-06-10T18:56:13.098+0000] {manager.py:452} INFO - Exiting gracefully upon receiving signal 15
[2024-06-10T18:56:58.767+0000] {manager.py:470} INFO - Processing files using up to 2 processes at a time 
[2024-06-10T18:56:58.773+0000] {manager.py:471} INFO - Process each file at most once every 30 seconds
[2024-06-10T18:56:58.773+0000] {manager.py:472} INFO - Checking for new files in /opt/airflow/dags every 300 seconds
[2024-06-10T18:56:58.774+0000] {manager.py:737} INFO - Searching for files in /opt/airflow/dags
[2024-06-10T18:56:58.776+0000] {manager.py:740} INFO - There are 2 files in /opt/airflow/dags
[2024-06-10T18:56:58.880+0000] {manager.py:878} INFO - 
================================================================================
DAG File Processing Stats

File Path                              PID  Runtime      # DAGs    # Errors  Last Runtime    Last Run
-----------------------------------  -----  ---------  --------  ----------  --------------  ----------
/opt/airflow/dags/test_task.py         166  0.05s             0           0
/opt/airflow/dags/producer_users.py    169  0.04s             0           0
================================================================================
[2024-06-10T18:57:28.997+0000] {manager.py:878} INFO - 
================================================================================
DAG File Processing Stats

File Path                              PID  Runtime      # DAGs    # Errors  Last Runtime    Last Run
-----------------------------------  -----  ---------  --------  ----------  --------------  -------------------
/opt/airflow/dags/test_task.py                                1           0  0.37s           2024-06-10T18:56:59
/opt/airflow/dags/producer_users.py    182  0.00s             0           1  0.06s           2024-06-10T18:56:58
================================================================================
[2024-06-10T18:57:44.004+0000] {manager.py:452} INFO - Exiting gracefully upon receiving signal 15
[2024-06-10T18:59:11.806+0000] {manager.py:470} INFO - Processing files using up to 2 processes at a time 
[2024-06-10T18:59:11.807+0000] {manager.py:471} INFO - Process each file at most once every 30 seconds
[2024-06-10T18:59:11.807+0000] {manager.py:472} INFO - Checking for new files in /opt/airflow/dags every 300 seconds
[2024-06-10T18:59:11.808+0000] {manager.py:737} INFO - Searching for files in /opt/airflow/dags
[2024-06-10T18:59:11.809+0000] {manager.py:740} INFO - There are 2 files in /opt/airflow/dags
[2024-06-10T18:59:11.916+0000] {manager.py:878} INFO - 
================================================================================
DAG File Processing Stats

File Path                              PID  Runtime      # DAGs    # Errors  Last Runtime    Last Run
-----------------------------------  -----  ---------  --------  ----------  --------------  ----------
/opt/airflow/dags/test_task.py         165  0.05s             0           0
/opt/airflow/dags/producer_users.py    169  0.04s             0           0
================================================================================
[2024-06-10T18:59:42.030+0000] {manager.py:878} INFO - 
================================================================================
DAG File Processing Stats

File Path                              PID  Runtime      # DAGs    # Errors  Last Runtime    Last Run
-----------------------------------  -----  ---------  --------  ----------  --------------  -------------------
/opt/airflow/dags/test_task.py                                1           0  0.44s           2024-06-10T18:59:12
/opt/airflow/dags/producer_users.py    182  0.00s             0           1  0.06s           2024-06-10T18:59:11
================================================================================
[2024-06-10T19:00:12.196+0000] {manager.py:878} INFO - 
================================================================================
DAG File Processing Stats

File Path                              PID  Runtime      # DAGs    # Errors  Last Runtime    Last Run
-----------------------------------  -----  ---------  --------  ----------  --------------  -------------------
/opt/airflow/dags/test_task.py                                1           0  0.10s           2024-06-10T18:59:43
/opt/airflow/dags/producer_users.py    198  0.01s             0           1  0.05s           2024-06-10T18:59:42
================================================================================
[2024-06-10T19:00:42.363+0000] {manager.py:878} INFO - 
================================================================================
DAG File Processing Stats

File Path                              PID  Runtime      # DAGs    # Errors  Last Runtime    Last Run
-----------------------------------  -----  ---------  --------  ----------  --------------  -------------------
/opt/airflow/dags/test_task.py                                1           0  0.11s           2024-06-10T19:00:13
/opt/airflow/dags/producer_users.py    216  0.00s             0           1  0.06s           2024-06-10T19:00:12
================================================================================
[2024-06-10T19:01:12.516+0000] {manager.py:878} INFO - 
================================================================================
DAG File Processing Stats

File Path                              PID  Runtime      # DAGs    # Errors  Last Runtime    Last Run
-----------------------------------  -----  ---------  --------  ----------  --------------  -------------------
/opt/airflow/dags/test_task.py                                1           0  0.10s           2024-06-10T19:00:43
/opt/airflow/dags/producer_users.py    232  0.00s             0           1  0.05s           2024-06-10T19:00:42
================================================================================
[2024-06-10T19:01:42.669+0000] {manager.py:878} INFO - 
================================================================================
DAG File Processing Stats

File Path                            PID    Runtime      # DAGs    # Errors  Last Runtime    Last Run
-----------------------------------  -----  ---------  --------  ----------  --------------  -------------------
/opt/airflow/dags/test_task.py                                1           0  0.10s           2024-06-10T19:01:13
/opt/airflow/dags/producer_users.py                           0           1  0.05s           2024-06-10T19:01:36
================================================================================
[2024-06-10T19:02:12.848+0000] {manager.py:878} INFO - 
================================================================================
DAG File Processing Stats

File Path                            PID    Runtime      # DAGs    # Errors  Last Runtime    Last Run
-----------------------------------  -----  ---------  --------  ----------  --------------  -------------------
/opt/airflow/dags/test_task.py                                1           0  0.10s           2024-06-10T19:01:43
/opt/airflow/dags/producer_users.py                           0           1  0.06s           2024-06-10T19:02:06
================================================================================
[2024-06-10T19:02:24.509+0000] {manager.py:452} INFO - Exiting gracefully upon receiving signal 15
[2024-06-10T19:03:56.489+0000] {manager.py:470} INFO - Processing files using up to 2 processes at a time 
[2024-06-10T19:03:56.490+0000] {manager.py:471} INFO - Process each file at most once every 30 seconds
[2024-06-10T19:03:56.491+0000] {manager.py:472} INFO - Checking for new files in /opt/airflow/dags every 300 seconds
[2024-06-10T19:03:56.491+0000] {manager.py:737} INFO - Searching for files in /opt/airflow/dags
[2024-06-10T19:03:56.493+0000] {manager.py:740} INFO - There are 2 files in /opt/airflow/dags
[2024-06-10T19:03:56.612+0000] {manager.py:878} INFO - 
================================================================================
DAG File Processing Stats

File Path                              PID  Runtime      # DAGs    # Errors  Last Runtime    Last Run
-----------------------------------  -----  ---------  --------  ----------  --------------  ----------
/opt/airflow/dags/test_task.py         169  0.05s             0           0
/opt/airflow/dags/producer_users.py    166  0.06s             0           0
================================================================================
[2024-06-10T19:04:26.707+0000] {manager.py:878} INFO - 
================================================================================
DAG File Processing Stats

File Path                            PID    Runtime      # DAGs    # Errors  Last Runtime    Last Run
-----------------------------------  -----  ---------  --------  ----------  --------------  -------------------
/opt/airflow/dags/producer_users.py                           1           0  0.43s           2024-06-10T19:03:56
/opt/airflow/dags/test_task.py                                1           0  0.43s           2024-06-10T19:03:56
================================================================================
[2024-06-10T19:04:57.290+0000] {manager.py:878} INFO - 
================================================================================
DAG File Processing Stats

File Path                              PID  Runtime      # DAGs    # Errors  Last Runtime    Last Run
-----------------------------------  -----  ---------  --------  ----------  --------------  -------------------
/opt/airflow/dags/test_task.py         201  0.00s             1           0  0.10s           2024-06-10T19:04:27
/opt/airflow/dags/producer_users.py    198  0.01s             1           0  0.10s           2024-06-10T19:04:27
================================================================================
[2024-06-10T19:05:27.411+0000] {manager.py:878} INFO - 
================================================================================
DAG File Processing Stats

File Path                              PID  Runtime      # DAGs    # Errors  Last Runtime    Last Run
-----------------------------------  -----  ---------  --------  ----------  --------------  -------------------
/opt/airflow/dags/producer_users.py    216  0.01s             1           0  0.11s           2024-06-10T19:04:57
/opt/airflow/dags/test_task.py         219  0.00s             1           0  0.10s           2024-06-10T19:04:57
================================================================================
[2024-06-10T19:05:57.618+0000] {manager.py:878} INFO - 
================================================================================
DAG File Processing Stats

File Path                              PID  Runtime      # DAGs    # Errors  Last Runtime    Last Run
-----------------------------------  -----  ---------  --------  ----------  --------------  -------------------
/opt/airflow/dags/producer_users.py    232  0.01s             1           0  0.10s           2024-06-10T19:05:27
/opt/airflow/dags/test_task.py         235  0.00s             1           0  0.09s           2024-06-10T19:05:27
================================================================================
[2024-06-10T19:06:26.575+0000] {manager.py:452} INFO - Exiting gracefully upon receiving signal 15
