[2024-06-10T18:56:11.129+0000] {processor.py:161} INFO - Started process (PID=169) to work on /opt/airflow/dags/producer_users.py
[2024-06-10T18:56:11.129+0000] {processor.py:830} INFO - Processing file /opt/airflow/dags/producer_users.py for tasks to queue
[2024-06-10T18:56:11.132+0000] {logging_mixin.py:188} INFO - [2024-06-10T18:56:11.131+0000] {dagbag.py:545} INFO - Filling up the DagBag from /opt/airflow/dags/producer_users.py
[2024-06-10T18:56:11.137+0000] {logging_mixin.py:188} INFO - [2024-06-10T18:56:11.135+0000] {dagbag.py:355} ERROR - Failed to import: /opt/airflow/dags/producer_users.py
Traceback (most recent call last):
  File "/home/airflow/.local/lib/python3.12/site-packages/airflow/models/dagbag.py", line 351, in parse
    loader.exec_module(new_module)
  File "<frozen importlib._bootstrap_external>", line 995, in exec_module
  File "<frozen importlib._bootstrap>", line 488, in _call_with_frames_removed
  File "/opt/airflow/dags/producer_users.py", line 11, in <module>
    from src.UserRandom import RandomUser
ModuleNotFoundError: No module named 'src'
[2024-06-10T18:56:11.138+0000] {processor.py:842} WARNING - No viable dags retrieved from /opt/airflow/dags/producer_users.py
[2024-06-10T18:56:11.161+0000] {processor.py:183} INFO - Processing /opt/airflow/dags/producer_users.py took 0.040 seconds
[2024-06-10T18:56:58.849+0000] {processor.py:161} INFO - Started process (PID=169) to work on /opt/airflow/dags/producer_users.py
[2024-06-10T18:56:58.850+0000] {processor.py:830} INFO - Processing file /opt/airflow/dags/producer_users.py for tasks to queue
[2024-06-10T18:56:58.852+0000] {logging_mixin.py:188} INFO - [2024-06-10T18:56:58.852+0000] {dagbag.py:545} INFO - Filling up the DagBag from /opt/airflow/dags/producer_users.py
[2024-06-10T18:56:58.856+0000] {logging_mixin.py:188} INFO - [2024-06-10T18:56:58.855+0000] {dagbag.py:355} ERROR - Failed to import: /opt/airflow/dags/producer_users.py
Traceback (most recent call last):
  File "/home/airflow/.local/lib/python3.12/site-packages/airflow/models/dagbag.py", line 351, in parse
    loader.exec_module(new_module)
  File "<frozen importlib._bootstrap_external>", line 995, in exec_module
  File "<frozen importlib._bootstrap>", line 488, in _call_with_frames_removed
  File "/opt/airflow/dags/producer_users.py", line 11, in <module>
    from src.UserRandom import RandomUser
ModuleNotFoundError: No module named 'src'
[2024-06-10T18:56:58.857+0000] {processor.py:842} WARNING - No viable dags retrieved from /opt/airflow/dags/producer_users.py
[2024-06-10T18:56:58.879+0000] {processor.py:183} INFO - Processing /opt/airflow/dags/producer_users.py took 0.038 seconds
[2024-06-10T18:57:29.005+0000] {processor.py:161} INFO - Started process (PID=182) to work on /opt/airflow/dags/producer_users.py
[2024-06-10T18:57:29.010+0000] {processor.py:830} INFO - Processing file /opt/airflow/dags/producer_users.py for tasks to queue
[2024-06-10T18:57:29.011+0000] {logging_mixin.py:188} INFO - [2024-06-10T18:57:29.011+0000] {dagbag.py:545} INFO - Filling up the DagBag from /opt/airflow/dags/producer_users.py
[2024-06-10T18:57:29.014+0000] {logging_mixin.py:188} INFO - [2024-06-10T18:57:29.013+0000] {dagbag.py:355} ERROR - Failed to import: /opt/airflow/dags/producer_users.py
Traceback (most recent call last):
  File "/home/airflow/.local/lib/python3.12/site-packages/airflow/models/dagbag.py", line 351, in parse
    loader.exec_module(new_module)
  File "<frozen importlib._bootstrap_external>", line 995, in exec_module
  File "<frozen importlib._bootstrap>", line 488, in _call_with_frames_removed
  File "/opt/airflow/dags/producer_users.py", line 11, in <module>
    from src.UserRandom import RandomUser
ModuleNotFoundError: No module named 'src'
[2024-06-10T18:57:29.015+0000] {processor.py:842} WARNING - No viable dags retrieved from /opt/airflow/dags/producer_users.py
[2024-06-10T18:57:29.031+0000] {processor.py:183} INFO - Processing /opt/airflow/dags/producer_users.py took 0.031 seconds
[2024-06-10T18:59:11.889+0000] {processor.py:161} INFO - Started process (PID=169) to work on /opt/airflow/dags/producer_users.py
[2024-06-10T18:59:11.890+0000] {processor.py:830} INFO - Processing file /opt/airflow/dags/producer_users.py for tasks to queue
[2024-06-10T18:59:11.892+0000] {logging_mixin.py:188} INFO - [2024-06-10T18:59:11.892+0000] {dagbag.py:545} INFO - Filling up the DagBag from /opt/airflow/dags/producer_users.py
[2024-06-10T18:59:11.896+0000] {logging_mixin.py:188} INFO - [2024-06-10T18:59:11.894+0000] {dagbag.py:355} ERROR - Failed to import: /opt/airflow/dags/producer_users.py
Traceback (most recent call last):
  File "/home/airflow/.local/lib/python3.12/site-packages/airflow/models/dagbag.py", line 351, in parse
    loader.exec_module(new_module)
  File "<frozen importlib._bootstrap_external>", line 995, in exec_module
  File "<frozen importlib._bootstrap>", line 488, in _call_with_frames_removed
  File "/opt/airflow/dags/producer_users.py", line 11, in <module>
    from src.UserRandom import RandomUser
ModuleNotFoundError: No module named 'src'
[2024-06-10T18:59:11.897+0000] {processor.py:842} WARNING - No viable dags retrieved from /opt/airflow/dags/producer_users.py
[2024-06-10T18:59:11.918+0000] {processor.py:183} INFO - Processing /opt/airflow/dags/producer_users.py took 0.037 seconds
[2024-06-10T18:59:42.038+0000] {processor.py:161} INFO - Started process (PID=182) to work on /opt/airflow/dags/producer_users.py
[2024-06-10T18:59:42.038+0000] {processor.py:830} INFO - Processing file /opt/airflow/dags/producer_users.py for tasks to queue
[2024-06-10T18:59:42.040+0000] {logging_mixin.py:188} INFO - [2024-06-10T18:59:42.039+0000] {dagbag.py:545} INFO - Filling up the DagBag from /opt/airflow/dags/producer_users.py
[2024-06-10T18:59:42.043+0000] {logging_mixin.py:188} INFO - [2024-06-10T18:59:42.042+0000] {dagbag.py:355} ERROR - Failed to import: /opt/airflow/dags/producer_users.py
Traceback (most recent call last):
  File "/home/airflow/.local/lib/python3.12/site-packages/airflow/models/dagbag.py", line 351, in parse
    loader.exec_module(new_module)
  File "<frozen importlib._bootstrap_external>", line 995, in exec_module
  File "<frozen importlib._bootstrap>", line 488, in _call_with_frames_removed
  File "/opt/airflow/dags/producer_users.py", line 11, in <module>
    from src.UserRandom import RandomUser
ModuleNotFoundError: No module named 'src'
[2024-06-10T18:59:42.043+0000] {processor.py:842} WARNING - No viable dags retrieved from /opt/airflow/dags/producer_users.py
[2024-06-10T18:59:42.063+0000] {processor.py:183} INFO - Processing /opt/airflow/dags/producer_users.py took 0.031 seconds
[2024-06-10T19:00:12.204+0000] {processor.py:161} INFO - Started process (PID=198) to work on /opt/airflow/dags/producer_users.py
[2024-06-10T19:00:12.210+0000] {processor.py:830} INFO - Processing file /opt/airflow/dags/producer_users.py for tasks to queue
[2024-06-10T19:00:12.212+0000] {logging_mixin.py:188} INFO - [2024-06-10T19:00:12.211+0000] {dagbag.py:545} INFO - Filling up the DagBag from /opt/airflow/dags/producer_users.py
[2024-06-10T19:00:12.216+0000] {logging_mixin.py:188} INFO - [2024-06-10T19:00:12.215+0000] {dagbag.py:355} ERROR - Failed to import: /opt/airflow/dags/producer_users.py
Traceback (most recent call last):
  File "/home/airflow/.local/lib/python3.12/site-packages/airflow/models/dagbag.py", line 351, in parse
    loader.exec_module(new_module)
  File "<frozen importlib._bootstrap_external>", line 995, in exec_module
  File "<frozen importlib._bootstrap>", line 488, in _call_with_frames_removed
  File "/opt/airflow/dags/producer_users.py", line 11, in <module>
    from src.UserRandom import RandomUser
ModuleNotFoundError: No module named 'src'
[2024-06-10T19:00:12.217+0000] {processor.py:842} WARNING - No viable dags retrieved from /opt/airflow/dags/producer_users.py
[2024-06-10T19:00:12.240+0000] {processor.py:183} INFO - Processing /opt/airflow/dags/producer_users.py took 0.041 seconds
[2024-06-10T19:00:42.371+0000] {processor.py:161} INFO - Started process (PID=216) to work on /opt/airflow/dags/producer_users.py
[2024-06-10T19:00:42.376+0000] {processor.py:830} INFO - Processing file /opt/airflow/dags/producer_users.py for tasks to queue
[2024-06-10T19:00:42.377+0000] {logging_mixin.py:188} INFO - [2024-06-10T19:00:42.377+0000] {dagbag.py:545} INFO - Filling up the DagBag from /opt/airflow/dags/producer_users.py
[2024-06-10T19:00:42.380+0000] {logging_mixin.py:188} INFO - [2024-06-10T19:00:42.379+0000] {dagbag.py:355} ERROR - Failed to import: /opt/airflow/dags/producer_users.py
Traceback (most recent call last):
  File "/home/airflow/.local/lib/python3.12/site-packages/airflow/models/dagbag.py", line 351, in parse
    loader.exec_module(new_module)
  File "<frozen importlib._bootstrap_external>", line 995, in exec_module
  File "<frozen importlib._bootstrap>", line 488, in _call_with_frames_removed
  File "/opt/airflow/dags/producer_users.py", line 11, in <module>
    from src.UserRandom import RandomUser
ModuleNotFoundError: No module named 'src'
[2024-06-10T19:00:42.381+0000] {processor.py:842} WARNING - No viable dags retrieved from /opt/airflow/dags/producer_users.py
[2024-06-10T19:00:42.401+0000] {processor.py:183} INFO - Processing /opt/airflow/dags/producer_users.py took 0.035 seconds
[2024-06-10T19:01:12.525+0000] {processor.py:161} INFO - Started process (PID=232) to work on /opt/airflow/dags/producer_users.py
[2024-06-10T19:01:12.526+0000] {processor.py:830} INFO - Processing file /opt/airflow/dags/producer_users.py for tasks to queue
[2024-06-10T19:01:12.527+0000] {logging_mixin.py:188} INFO - [2024-06-10T19:01:12.527+0000] {dagbag.py:545} INFO - Filling up the DagBag from /opt/airflow/dags/producer_users.py
[2024-06-10T19:01:12.530+0000] {logging_mixin.py:188} INFO - [2024-06-10T19:01:12.530+0000] {dagbag.py:355} ERROR - Failed to import: /opt/airflow/dags/producer_users.py
Traceback (most recent call last):
  File "/home/airflow/.local/lib/python3.12/site-packages/airflow/models/dagbag.py", line 351, in parse
    loader.exec_module(new_module)
  File "<frozen importlib._bootstrap_external>", line 995, in exec_module
  File "<frozen importlib._bootstrap>", line 488, in _call_with_frames_removed
  File "/opt/airflow/dags/producer_users.py", line 11, in <module>
    from src.UserRandom import RandomUser
ModuleNotFoundError: No module named 'src'
[2024-06-10T19:01:12.531+0000] {processor.py:842} WARNING - No viable dags retrieved from /opt/airflow/dags/producer_users.py
[2024-06-10T19:01:12.549+0000] {processor.py:183} INFO - Processing /opt/airflow/dags/producer_users.py took 0.030 seconds
[2024-06-10T19:01:36.657+0000] {processor.py:161} INFO - Started process (PID=248) to work on /opt/airflow/dags/producer_users.py
[2024-06-10T19:01:36.662+0000] {processor.py:830} INFO - Processing file /opt/airflow/dags/producer_users.py for tasks to queue
[2024-06-10T19:01:36.664+0000] {logging_mixin.py:188} INFO - [2024-06-10T19:01:36.663+0000] {dagbag.py:545} INFO - Filling up the DagBag from /opt/airflow/dags/producer_users.py
[2024-06-10T19:01:36.667+0000] {logging_mixin.py:188} INFO - [2024-06-10T19:01:36.666+0000] {dagbag.py:355} ERROR - Failed to import: /opt/airflow/dags/producer_users.py
Traceback (most recent call last):
  File "/home/airflow/.local/lib/python3.12/site-packages/airflow/models/dagbag.py", line 351, in parse
    loader.exec_module(new_module)
  File "<frozen importlib._bootstrap_external>", line 995, in exec_module
  File "<frozen importlib._bootstrap>", line 488, in _call_with_frames_removed
  File "/opt/airflow/dags/producer_users.py", line 11, in <module>
    from src.UserRandom import RandomUser
ModuleNotFoundError: No module named 'src'
[2024-06-10T19:01:36.668+0000] {processor.py:842} WARNING - No viable dags retrieved from /opt/airflow/dags/producer_users.py
[2024-06-10T19:01:36.684+0000] {processor.py:183} INFO - Processing /opt/airflow/dags/producer_users.py took 0.032 seconds
[2024-06-10T19:01:45.733+0000] {processor.py:161} INFO - Started process (PID=258) to work on /opt/airflow/dags/producer_users.py
[2024-06-10T19:01:45.734+0000] {processor.py:830} INFO - Processing file /opt/airflow/dags/producer_users.py for tasks to queue
[2024-06-10T19:01:45.735+0000] {logging_mixin.py:188} INFO - [2024-06-10T19:01:45.735+0000] {dagbag.py:545} INFO - Filling up the DagBag from /opt/airflow/dags/producer_users.py
[2024-06-10T19:01:45.739+0000] {logging_mixin.py:188} INFO - [2024-06-10T19:01:45.738+0000] {dagbag.py:355} ERROR - Failed to import: /opt/airflow/dags/producer_users.py
Traceback (most recent call last):
  File "/home/airflow/.local/lib/python3.12/site-packages/airflow/models/dagbag.py", line 351, in parse
    loader.exec_module(new_module)
  File "<frozen importlib._bootstrap_external>", line 995, in exec_module
  File "<frozen importlib._bootstrap>", line 488, in _call_with_frames_removed
  File "/opt/airflow/dags/producer_users.py", line 10, in <module>
    from src.UserRandom import RandomUser
ModuleNotFoundError: No module named 'src'
[2024-06-10T19:01:45.739+0000] {processor.py:842} WARNING - No viable dags retrieved from /opt/airflow/dags/producer_users.py
[2024-06-10T19:01:45.756+0000] {processor.py:183} INFO - Processing /opt/airflow/dags/producer_users.py took 0.028 seconds
[2024-06-10T19:02:06.815+0000] {processor.py:161} INFO - Started process (PID=269) to work on /opt/airflow/dags/producer_users.py
[2024-06-10T19:02:06.820+0000] {processor.py:830} INFO - Processing file /opt/airflow/dags/producer_users.py for tasks to queue
[2024-06-10T19:02:06.821+0000] {logging_mixin.py:188} INFO - [2024-06-10T19:02:06.821+0000] {dagbag.py:545} INFO - Filling up the DagBag from /opt/airflow/dags/producer_users.py
[2024-06-10T19:02:06.825+0000] {logging_mixin.py:188} INFO - [2024-06-10T19:02:06.824+0000] {dagbag.py:355} ERROR - Failed to import: /opt/airflow/dags/producer_users.py
Traceback (most recent call last):
  File "/home/airflow/.local/lib/python3.12/site-packages/airflow/models/dagbag.py", line 351, in parse
    loader.exec_module(new_module)
  File "<frozen importlib._bootstrap_external>", line 995, in exec_module
  File "<frozen importlib._bootstrap>", line 488, in _call_with_frames_removed
  File "/opt/airflow/dags/producer_users.py", line 10, in <module>
    from src.UserRandom import RandomUser
ModuleNotFoundError: No module named 'src'
[2024-06-10T19:02:06.826+0000] {processor.py:842} WARNING - No viable dags retrieved from /opt/airflow/dags/producer_users.py
[2024-06-10T19:02:06.848+0000] {processor.py:183} INFO - Processing /opt/airflow/dags/producer_users.py took 0.038 seconds
[2024-06-10T19:03:56.570+0000] {processor.py:161} INFO - Started process (PID=166) to work on /opt/airflow/dags/producer_users.py
[2024-06-10T19:03:56.571+0000] {processor.py:830} INFO - Processing file /opt/airflow/dags/producer_users.py for tasks to queue
[2024-06-10T19:03:56.575+0000] {logging_mixin.py:188} INFO - [2024-06-10T19:03:56.574+0000] {dagbag.py:545} INFO - Filling up the DagBag from /opt/airflow/dags/producer_users.py
[2024-06-10T19:03:56.593+0000] {processor.py:840} INFO - DAG(s) 'random_user_dag' retrieved from /opt/airflow/dags/producer_users.py
[2024-06-10T19:03:56.907+0000] {logging_mixin.py:188} INFO - [2024-06-10T19:03:56.906+0000] {override.py:1829} INFO - Created Permission View: can read on DAG:random_user_dag
[2024-06-10T19:03:56.918+0000] {logging_mixin.py:188} INFO - [2024-06-10T19:03:56.918+0000] {override.py:1829} INFO - Created Permission View: can delete on DAG:random_user_dag
[2024-06-10T19:03:56.926+0000] {logging_mixin.py:188} INFO - [2024-06-10T19:03:56.925+0000] {override.py:1829} INFO - Created Permission View: can edit on DAG:random_user_dag
[2024-06-10T19:03:56.927+0000] {logging_mixin.py:188} INFO - [2024-06-10T19:03:56.926+0000] {dag.py:3096} INFO - Sync 1 DAGs
[2024-06-10T19:03:56.940+0000] {logging_mixin.py:188} INFO - [2024-06-10T19:03:56.940+0000] {dag.py:3118} INFO - Creating ORM DAG for random_user_dag
[2024-06-10T19:03:56.953+0000] {logging_mixin.py:188} INFO - [2024-06-10T19:03:56.953+0000] {dag.py:3954} INFO - Setting next_dagrun for random_user_dag to 2024-06-10 00:00:00+00:00, run_after=2024-06-11 00:00:00+00:00
[2024-06-10T19:03:56.972+0000] {processor.py:183} INFO - Processing /opt/airflow/dags/producer_users.py took 0.411 seconds
[2024-06-10T19:04:27.082+0000] {processor.py:161} INFO - Started process (PID=182) to work on /opt/airflow/dags/producer_users.py
[2024-06-10T19:04:27.083+0000] {processor.py:830} INFO - Processing file /opt/airflow/dags/producer_users.py for tasks to queue
[2024-06-10T19:04:27.084+0000] {logging_mixin.py:188} INFO - [2024-06-10T19:04:27.084+0000] {dagbag.py:545} INFO - Filling up the DagBag from /opt/airflow/dags/producer_users.py
[2024-06-10T19:04:27.093+0000] {processor.py:840} INFO - DAG(s) 'random_user_dag' retrieved from /opt/airflow/dags/producer_users.py
[2024-06-10T19:04:27.119+0000] {logging_mixin.py:188} INFO - [2024-06-10T19:04:27.119+0000] {dag.py:3096} INFO - Sync 1 DAGs
[2024-06-10T19:04:27.140+0000] {logging_mixin.py:188} INFO - [2024-06-10T19:04:27.139+0000] {dag.py:3954} INFO - Setting next_dagrun for random_user_dag to 2024-06-10 00:00:00+00:00, run_after=2024-06-11 00:00:00+00:00
[2024-06-10T19:04:27.158+0000] {processor.py:183} INFO - Processing /opt/airflow/dags/producer_users.py took 0.082 seconds
[2024-06-10T19:04:57.293+0000] {processor.py:161} INFO - Started process (PID=198) to work on /opt/airflow/dags/producer_users.py
[2024-06-10T19:04:57.298+0000] {processor.py:830} INFO - Processing file /opt/airflow/dags/producer_users.py for tasks to queue
[2024-06-10T19:04:57.300+0000] {logging_mixin.py:188} INFO - [2024-06-10T19:04:57.299+0000] {dagbag.py:545} INFO - Filling up the DagBag from /opt/airflow/dags/producer_users.py
[2024-06-10T19:04:57.308+0000] {processor.py:840} INFO - DAG(s) 'random_user_dag' retrieved from /opt/airflow/dags/producer_users.py
[2024-06-10T19:04:57.335+0000] {logging_mixin.py:188} INFO - [2024-06-10T19:04:57.335+0000] {dag.py:3096} INFO - Sync 1 DAGs
[2024-06-10T19:04:57.356+0000] {logging_mixin.py:188} INFO - [2024-06-10T19:04:57.356+0000] {dag.py:3954} INFO - Setting next_dagrun for random_user_dag to 2024-06-10 00:00:00+00:00, run_after=2024-06-11 00:00:00+00:00
[2024-06-10T19:04:57.378+0000] {processor.py:183} INFO - Processing /opt/airflow/dags/producer_users.py took 0.091 seconds
[2024-06-10T19:05:27.414+0000] {processor.py:161} INFO - Started process (PID=216) to work on /opt/airflow/dags/producer_users.py
[2024-06-10T19:05:27.414+0000] {processor.py:830} INFO - Processing file /opt/airflow/dags/producer_users.py for tasks to queue
[2024-06-10T19:05:27.416+0000] {logging_mixin.py:188} INFO - [2024-06-10T19:05:27.415+0000] {dagbag.py:545} INFO - Filling up the DagBag from /opt/airflow/dags/producer_users.py
[2024-06-10T19:05:27.424+0000] {processor.py:840} INFO - DAG(s) 'random_user_dag' retrieved from /opt/airflow/dags/producer_users.py
[2024-06-10T19:05:27.451+0000] {logging_mixin.py:188} INFO - [2024-06-10T19:05:27.451+0000] {dag.py:3096} INFO - Sync 1 DAGs
[2024-06-10T19:05:27.473+0000] {logging_mixin.py:188} INFO - [2024-06-10T19:05:27.473+0000] {dag.py:3954} INFO - Setting next_dagrun for random_user_dag to 2024-06-10 00:00:00+00:00, run_after=2024-06-11 00:00:00+00:00
[2024-06-10T19:05:27.490+0000] {processor.py:183} INFO - Processing /opt/airflow/dags/producer_users.py took 0.082 seconds
[2024-06-10T19:05:57.621+0000] {processor.py:161} INFO - Started process (PID=232) to work on /opt/airflow/dags/producer_users.py
[2024-06-10T19:05:57.626+0000] {processor.py:830} INFO - Processing file /opt/airflow/dags/producer_users.py for tasks to queue
[2024-06-10T19:05:57.627+0000] {logging_mixin.py:188} INFO - [2024-06-10T19:05:57.627+0000] {dagbag.py:545} INFO - Filling up the DagBag from /opt/airflow/dags/producer_users.py
[2024-06-10T19:05:57.636+0000] {processor.py:840} INFO - DAG(s) 'random_user_dag' retrieved from /opt/airflow/dags/producer_users.py
[2024-06-10T19:05:57.663+0000] {logging_mixin.py:188} INFO - [2024-06-10T19:05:57.663+0000] {dag.py:3096} INFO - Sync 1 DAGs
[2024-06-10T19:05:57.684+0000] {logging_mixin.py:188} INFO - [2024-06-10T19:05:57.683+0000] {dag.py:3954} INFO - Setting next_dagrun for random_user_dag to 2024-06-10 00:00:00+00:00, run_after=2024-06-11 00:00:00+00:00
[2024-06-10T19:05:57.702+0000] {processor.py:183} INFO - Processing /opt/airflow/dags/producer_users.py took 0.087 seconds
